<?xml version="1.0" encoding="UTF-8"?>
<testng-results ignored="0" total="1" passed="1" failed="0" skipped="0">
  <reporter-output>
  </reporter-output>
  <suite started-at="2026-06-29T23:23:29 IST" name="Default suite" finished-at="2026-06-29T23:23:51 IST" duration-ms="22283">
    <groups>
    </groups>
    <test started-at="2026-06-29T23:23:29 IST" name="Default test" finished-at="2026-06-29T23:23:51 IST" duration-ms="22283">
      <class name="com.google.framework.tests.GoogleSearchTest">
        <test-method is-config="true" signature="setUp()[pri:0, instance:com.google.framework.tests.GoogleSearchTest@69997e9d]" started-at="2026-06-29T23:23:29 IST" name="setUp" finished-at="2026-06-29T23:23:31 IST" duration-ms="2298" status="PASS">
          <reporter-output>
          </reporter-output>
        </test-method> <!-- setUp -->
        <test-method signature="testGoogleSearch()[pri:0, instance:com.google.framework.tests.GoogleSearchTest@69997e9d]" started-at="2026-06-29T23:23:31 IST" name="testGoogleSearch" finished-at="2026-06-29T23:23:51 IST" duration-ms="19688" status="PASS">
          <reporter-output>
          </reporter-output>
        </test-method> <!-- testGoogleSearch -->
        <test-method is-config="true" signature="tearDown()[pri:0, instance:com.google.framework.tests.GoogleSearchTest@69997e9d]" started-at="2026-06-29T23:23:51 IST" name="tearDown" finished-at="2026-06-29T23:23:51 IST" duration-ms="247" status="PASS">
          <reporter-output>
          </reporter-output>
        </test-method> <!-- tearDown -->
      </class> <!-- com.google.framework.tests.GoogleSearchTest -->
    </test> <!-- Default test -->
  </suite> <!-- Default suite -->
</testng-results>
